2026-05-20 13:33:18,586 - ThreadPoolExecutor-0_0 - sqlmesh.core.snapshot.evaluator - INFO - Listing data objects in schema crypto_pipeline.sqlmesh__staging (evaluator.py:266)
2026-05-20 13:33:18,586 - ThreadPoolExecutor-0_1 - sqlmesh.core.snapshot.evaluator - INFO - Listing data objects in schema crypto_pipeline.sqlmesh__marts (evaluator.py:266)
2026-05-20 13:33:18,602 - ThreadPoolExecutor-0_0 - sqlmesh.core.engine_adapter.base - INFO - Executing SQL: SELECT current_catalog (base.py:1834)
2026-05-20 13:33:18,617 - ThreadPoolExecutor-0_1 - sqlmesh.core.engine_adapter.base - INFO - Executing SQL: SELECT current_catalog (base.py:1834)
2026-05-20 13:33:18,730 - MainThread - sqlmesh.core.snapshot.evaluator - INFO - Creating schema 'crypto_pipeline.sqlmesh__marts' (evaluator.py:850)
2026-05-20 13:33:18,745 - MainThread - sqlmesh.core.engine_adapter.base - INFO - Executing SQL: CREATE SCHEMA IF NOT EXISTS "sqlmesh__marts" (base.py:1834)
2026-05-20 13:33:18,746 - MainThread - sqlmesh.core.snapshot.evaluator - INFO - Creating schema 'crypto_pipeline.sqlmesh__staging' (evaluator.py:850)
2026-05-20 13:33:18,746 - MainThread - sqlmesh.core.engine_adapter.base - INFO - Executing SQL: CREATE SCHEMA IF NOT EXISTS "sqlmesh__staging" (base.py:1834)
2026-05-20 13:33:18,772 - ThreadPoolExecutor-1_0 - sqlmesh.core.snapshot.evaluator - INFO - Creating table 'crypto_pipeline.sqlmesh__marts.marts__fct_crypto_trends__3074168789__temp' (evaluator.py:1160)
2026-05-20 13:33:18,773 - ThreadPoolExecutor-1_0 - sqlmesh.core.engine_adapter.base - INFO - Executing SQL: CREATE TABLE IF NOT EXISTS "sqlmesh__marts"."marts__fct_crypto_trends__3074168789__temp" AS WITH "prepared_data" AS (SELECT "stg_crypto"."coin_id" AS "coin_id", "stg_crypto"."price_usd" AS "price", "stg_crypto"."volume_24h" AS "volume", "stg_crypto"."created_at" AS "ingested_at" FROM "crypto_pipeline"."sqlmesh__staging"."staging__stg_crypto__975250961__temp" AS "stg_crypto" WHERE FALSE LIMIT 0) SELECT "prepared_data"."coin_id" AS "coin_id", "prepared_data"."price" AS "price", "prepared_data"."volume" AS "volume", "prepared_data"."ingested_at" AS "ingested_at", LAG("prepared_data"."price") OVER (PARTITION BY "prepared_data"."coin_id" ORDER BY "prepared_data"."ingested_at") AS "previous_price", "prepared_data"."price" - LAG("prepared_data"."price") OVER (PARTITION BY "prepared_data"."coin_id" ORDER BY "prepared_data"."ingested_at") AS "price_diff" FROM "prepared_data" AS "prepared_data" WHERE FALSE LIMIT 0 (base.py:1834)
2026-05-20 13:33:18,800 - ThreadPoolExecutor-1_0 - sqlmesh.core.snapshot.evaluator - INFO - Creating table 'crypto_pipeline.sqlmesh__marts.marts__fct_crypto_trends__3074168789' (evaluator.py:1160)
2026-05-20 13:33:18,802 - ThreadPoolExecutor-1_0 - sqlmesh.core.engine_adapter.base - INFO - Executing SQL: CREATE TABLE IF NOT EXISTS "sqlmesh__marts"."marts__fct_crypto_trends__3074168789" AS WITH "prepared_data" AS (SELECT "stg_crypto"."coin_id" AS "coin_id", "stg_crypto"."price_usd" AS "price", "stg_crypto"."volume_24h" AS "volume", "stg_crypto"."created_at" AS "ingested_at" FROM "crypto_pipeline"."sqlmesh__staging"."staging__stg_crypto__975250961__temp" AS "stg_crypto" WHERE FALSE LIMIT 0) SELECT "prepared_data"."coin_id" AS "coin_id", "prepared_data"."price" AS "price", "prepared_data"."volume" AS "volume", "prepared_data"."ingested_at" AS "ingested_at", LAG("prepared_data"."price") OVER (PARTITION BY "prepared_data"."coin_id" ORDER BY "prepared_data"."ingested_at") AS "previous_price", "prepared_data"."price" - LAG("prepared_data"."price") OVER (PARTITION BY "prepared_data"."coin_id" ORDER BY "prepared_data"."ingested_at") AS "price_diff" FROM "prepared_data" AS "prepared_data" WHERE FALSE LIMIT 0 (base.py:1834)
2026-05-20 13:33:18,815 - ThreadPoolExecutor-1_0 - sqlmesh.core.engine_adapter.base - INFO - Executing SQL: COMMENT ON TABLE "sqlmesh__marts"."marts__fct_crypto_trends__3074168789" IS 'MODEL (
name marts.fct_crypto_trends,
kind FULL,
cron ''@hourly''
);
SELECT
coin_id,
price_usd,
volume_24h,
created_at,
LAG(price_usd) OVER (PARTITION BY coin_id ORDER BY created_at) AS previous_price,
(price_usd - LAG(price_usd) OVER (PARTITION BY coin_id ORDER BY created_at)) AS price_diff
FROM staging.stg_crypto;' (base.py:1834)
2026-05-20 13:33:18,817 - ThreadPoolExecutor-1_0 - sqlmesh.core.engine_adapter.base - INFO - Executing SQL: COMMENT ON COLUMN "sqlmesh__marts"."marts__fct_crypto_trends__3074168789"."previous_price" IS 'Tracks the movement specifically relative to the previous cron poll for that asset' (base.py:1834)
2026-05-20 13:33:18,836 - MainThread - sqlmesh.core.state_sync.engine_adapter - INFO - Adding dev interval (1779148800000, 1779235200000) for snapshot SnapshotId<"crypto_pipeline"."staging"."stg_crypto": 583731790> (engine_adapter.py:600)
2026-05-20 13:33:18,850 - ThreadPoolExecutor-2_0 - sqlmesh.core.snapshot.evaluator - INFO - Evaluating snapshot SnapshotId<"crypto_pipeline"."marts"."fct_crypto_trends": 2134620853> (evaluator.py:480)
2026-05-20 13:33:18,874 - ThreadPoolExecutor-2_0 - sqlmesh.core.snapshot.evaluator - INFO - Inserting batch (2026-05-19 00:00:00+00:00, 2026-05-20 16:00:00+00:00) into crypto_pipeline.sqlmesh__marts.marts__fct_crypto_trends__3074168789__temp' (evaluator.py:505)
2026-05-20 13:33:18,876 - ThreadPoolExecutor-2_0 - sqlmesh.core.engine_adapter.base - INFO - Executing SQL: SELECT "attname" AS "column_name", "pg_catalog".FORMAT_TYPE("atttypid", "atttypmod") AS "data_type" FROM "pg_catalog"."pg_attribute" JOIN "pg_catalog"."pg_class" ON "pg_class"."oid" = "attrelid" JOIN "pg_catalog"."pg_namespace" ON "pg_namespace"."oid" = "relnamespace" WHERE ("attnum" > 0 AND NOT "attisdropped" AND "relname" = 'marts__fct_crypto_trends__3074168789__temp') AND "nspname" = 'sqlmesh__marts' (base.py:1834)
2026-05-20 13:33:18,881 - ThreadPoolExecutor-2_0 - sqlmesh.core.engine_adapter.base - INFO - Executing SQL: SELECT 1 FROM "information_schema"."tables" WHERE "table_name" = 'marts__fct_crypto_trends__3074168789__temp' AND "table_schema" = 'sqlmesh__marts' (base.py:1834)
2026-05-20 13:33:18,885 - ThreadPoolExecutor-2_0 - sqlmesh.core.engine_adapter.base - INFO - Executing SQL: DELETE FROM "sqlmesh__marts"."marts__fct_crypto_trends__3074168789__temp" WHERE TRUE (base.py:1834)
2026-05-20 13:33:18,888 - ThreadPoolExecutor-2_0 - sqlmesh.core.engine_adapter.base - INFO - Executing SQL: INSERT INTO "sqlmesh__marts"."marts__fct_crypto_trends__3074168789__temp" ("coin_id", "price", "volume", "ingested_at", "previous_price", "price_diff") WITH "prepared_data" AS (SELECT "stg_crypto"."coin_id" AS "coin_id", "stg_crypto"."price_usd" AS "price", "stg_crypto"."volume_24h" AS "volume", "stg_crypto"."created_at" AS "ingested_at" FROM "crypto_pipeline"."sqlmesh__staging"."staging__stg_crypto__975250961__temp" AS "stg_crypto") SELECT "prepared_data"."coin_id" AS "coin_id", "prepared_data"."price" AS "price", "prepared_data"."volume" AS "volume", "prepared_data"."ingested_at" AS "ingested_at", LAG("prepared_data"."price") OVER (PARTITION BY "prepared_data"."coin_id" ORDER BY "prepared_data"."ingested_at") AS "previous_price", "prepared_data"."price" - LAG("prepared_data"."price") OVER (PARTITION BY "prepared_data"."coin_id" ORDER BY "prepared_data"."ingested_at") AS "price_diff" FROM "prepared_data" AS "prepared_data" (base.py:1834)
2026-05-20 13:33:18,905 - ThreadPoolExecutor-2_0 - sqlmesh.core.state_sync.engine_adapter - INFO - Adding dev interval (1779148800000, 1779292800000) for snapshot SnapshotId<"crypto_pipeline"."marts"."fct_crypto_trends": 2134620853> (engine_adapter.py:600)
2026-05-20 13:33:18,914 - MainThread - sqlmesh.core.state_sync.common - INFO - Promoting environment 'local' (common.py:119)
2026-05-20 13:33:18,922 - MainThread - sqlmesh.core.snapshot.evaluator - INFO - Creating schema 'crypto_pipeline.marts__local' (evaluator.py:850)
2026-05-20 13:33:18,923 - MainThread - sqlmesh.core.engine_adapter.base - INFO - Executing SQL: CREATE SCHEMA IF NOT EXISTS "marts__local" (base.py:1834)
2026-05-20 13:33:18,924 - MainThread - sqlmesh.core.snapshot.evaluator - INFO - Creating schema 'crypto_pipeline.staging__local' (evaluator.py:850)
2026-05-20 13:33:18,924 - MainThread - sqlmesh.core.engine_adapter.base - INFO - Executing SQL: CREATE SCHEMA IF NOT EXISTS "staging__local" (base.py:1834)
2026-05-20 13:33:18,926 - ThreadPoolExecutor-3_0 - sqlmesh.core.snapshot.evaluator - INFO - Updating view 'crypto_pipeline.staging__local.stg_crypto' to point at table 'crypto_pipeline.sqlmesh__staging.staging__stg_crypto__975250961__temp' (evaluator.py:1116)
2026-05-20 13:33:18,939 - ThreadPoolExecutor-3_0 - sqlmesh.core.engine_adapter.base - INFO - Executing SQL: DROP VIEW IF EXISTS "staging__local"."stg_crypto" CASCADE (base.py:1834)
2026-05-20 13:33:18,940 - ThreadPoolExecutor-3_0 - sqlmesh.core.engine_adapter.base - INFO - Executing SQL: CREATE VIEW "staging__local"."stg_crypto" AS SELECT * FROM "crypto_pipeline"."sqlmesh__staging"."staging__stg_crypto__975250961__temp" (base.py:1834)
2026-05-20 13:33:18,944 - ThreadPoolExecutor-3_1 - sqlmesh.core.snapshot.evaluator - INFO - Updating view 'crypto_pipeline.marts__local.fct_crypto_trends' to point at table 'crypto_pipeline.sqlmesh__marts.marts__fct_crypto_trends__3074168789__temp' (evaluator.py:1116)
2026-05-20 13:33:18,957 - ThreadPoolExecutor-3_1 - sqlmesh.core.engine_adapter.base - INFO - Executing SQL: DROP VIEW IF EXISTS "marts__local"."fct_crypto_trends" CASCADE (base.py:1834)
2026-05-20 13:33:18,959 - ThreadPoolExecutor-3_1 - sqlmesh.core.engine_adapter.base - INFO - Executing SQL: CREATE VIEW "marts__local"."fct_crypto_trends" AS SELECT * FROM "crypto_pipeline"."sqlmesh__marts"."marts__fct_crypto_trends__3074168789__temp" (base.py:1834)
2026-05-20 13:33:18,962 - MainThread - sqlmesh.core.state_sync.common - INFO - Finalizing environment 'local' (common.py:197)
2026-05-20 13:33:18,971 - MainThread - root - INFO - Shutting down the event dispatcher (dispatcher.py:159)
