2026-05-20 12:25:56,869 - MainThread - sqlmesh.core.renderer - WARNING - Column '"price"' could not be resolved for model '"postgres"."marts"."fct_crypto_trends"', the column may not exist or is ambiguous (renderer.py:506)
2026-05-20 12:26:16,258 - ThreadPoolExecutor-0_0 - sqlmesh.core.snapshot.evaluator - INFO - Listing data objects in schema postgres.sqlmesh__staging (evaluator.py:266)
2026-05-20 12:26:16,259 - ThreadPoolExecutor-0_1 - sqlmesh.core.snapshot.evaluator - INFO - Listing data objects in schema postgres.sqlmesh__marts (evaluator.py:266)
2026-05-20 12:26:16,278 - ThreadPoolExecutor-0_0 - sqlmesh.core.engine_adapter.base - INFO - Executing SQL: SELECT current_catalog (base.py:1834)
2026-05-20 12:26:16,291 - ThreadPoolExecutor-0_1 - sqlmesh.core.engine_adapter.base - INFO - Executing SQL: SELECT current_catalog (base.py:1834)
2026-05-20 12:26:16,426 - MainThread - sqlmesh.core.snapshot.evaluator - INFO - Creating schema 'postgres.sqlmesh__marts' (evaluator.py:850)
2026-05-20 12:26:16,440 - MainThread - sqlmesh.core.engine_adapter.base - INFO - Executing SQL: CREATE SCHEMA IF NOT EXISTS "sqlmesh__marts" (base.py:1834)
2026-05-20 12:26:16,442 - MainThread - sqlmesh.core.snapshot.evaluator - INFO - Creating schema 'postgres.sqlmesh__staging' (evaluator.py:850)
2026-05-20 12:26:16,442 - MainThread - sqlmesh.core.engine_adapter.base - INFO - Executing SQL: CREATE SCHEMA IF NOT EXISTS "sqlmesh__staging" (base.py:1834)
2026-05-20 12:26:16,457 - ThreadPoolExecutor-1_0 - sqlmesh.core.snapshot.evaluator - INFO - Creating view 'postgres.sqlmesh__staging.staging__stg_crypto__3902575946__temp' (evaluator.py:1592)
2026-05-20 12:26:16,460 - ThreadPoolExecutor-1_0 - sqlmesh.core.engine_adapter.base - INFO - Executing SQL: DROP VIEW IF EXISTS "sqlmesh__staging"."staging__stg_crypto__3902575946__temp" CASCADE (base.py:1834)
2026-05-20 12:26:16,462 - ThreadPoolExecutor-1_0 - sqlmesh.core.engine_adapter.base - INFO - Executing SQL: CREATE VIEW "sqlmesh__staging"."staging__stg_crypto__3902575946__temp" AS SELECT "coin_id" AS "coin_id", "price_usd" AS "price_usd", "volume_24h" AS "volume_24h", "created_at" AS "created_at" FROM "postgres"."raw"."market_data" AS "market_data" (base.py:1834)
2026-05-20 12:26:16,472 - ThreadPoolExecutor-1_0 - sqlmesh.core.snapshot.evaluator - INFO - Creating view 'postgres.sqlmesh__staging.staging__stg_crypto__3902575946' (evaluator.py:1592)
2026-05-20 12:26:16,474 - ThreadPoolExecutor-1_0 - sqlmesh.core.engine_adapter.base - INFO - Executing SQL: DROP VIEW IF EXISTS "sqlmesh__staging"."staging__stg_crypto__3902575946" CASCADE (base.py:1834)
2026-05-20 12:26:16,475 - ThreadPoolExecutor-1_0 - sqlmesh.core.engine_adapter.base - INFO - Executing SQL: CREATE VIEW "sqlmesh__staging"."staging__stg_crypto__3902575946" AS SELECT "coin_id" AS "coin_id", "price_usd" AS "price_usd", "volume_24h" AS "volume_24h", "created_at" AS "created_at" FROM "postgres"."raw"."market_data" AS "market_data" (base.py:1834)
2026-05-20 12:26:16,496 - ThreadPoolExecutor-1_1 - sqlmesh.core.renderer - WARNING - Column '"price"' could not be resolved for model '"postgres"."marts"."fct_crypto_trends"', the column may not exist or is ambiguous (renderer.py:506)
2026-05-20 12:26:16,498 - ThreadPoolExecutor-1_1 - sqlmesh.core.snapshot.evaluator - INFO - Creating table 'postgres.sqlmesh__marts.marts__fct_crypto_trends__1911142340__temp' (evaluator.py:1160)
2026-05-20 12:26:16,499 - ThreadPoolExecutor-1_1 - sqlmesh.core.engine_adapter.base - INFO - Executing SQL: CREATE TABLE IF NOT EXISTS "sqlmesh__marts"."marts__fct_crypto_trends__1911142340__temp" AS SELECT "coin_id" AS "coin_id", "price" AS "price", "volume" AS "volume", "ingested_at" AS "ingested_at", LAG("price") OVER (PARTITION BY "coin_id" ORDER BY "ingested_at") AS "previous_price", ("price" - LAG("price") OVER (PARTITION BY "coin_id" ORDER BY "ingested_at")) AS "price_diff" FROM "postgres"."sqlmesh__staging"."staging__stg_crypto__3902575946" AS "stg_crypto" WHERE FALSE LIMIT 0 (base.py:1834)
2026-05-20 12:26:16,508 - MainThread - sqlmesh.core.context - ERROR - Apply Failure: Traceback (most recent call last):
  File "/Users/lbaba/Crypto_pipeline/.venv/lib/python3.8/site-packages/sqlmesh/utils/concurrency.py", line 69, in _process_node
    self.fn(node)
  File "/Users/lbaba/Crypto_pipeline/.venv/lib/python3.8/site-packages/sqlmesh/utils/concurrency.py", line 165, in <lambda>
    lambda s_id: fn(snapshots_by_id[s_id]),
  File "/Users/lbaba/Crypto_pipeline/.venv/lib/python3.8/site-packages/sqlmesh/core/snapshot/evaluator.py", line 293, in <lambda>
    lambda s: self._create_snapshot(
  File "/Users/lbaba/Crypto_pipeline/.venv/lib/python3.8/site-packages/sqlmesh/core/snapshot/evaluator.py", line 680, in _create_snapshot
    evaluation_strategy.create(
  File "/Users/lbaba/Crypto_pipeline/.venv/lib/python3.8/site-packages/sqlmesh/core/snapshot/evaluator.py", line 1183, in create
    self.adapter.ctas(
  File "/Users/lbaba/Crypto_pipeline/.venv/lib/python3.8/site-packages/sqlmesh/core/engine_adapter/shared.py", line 291, in internal_wrapper
    return func(*list_args, **kwargs)
  File "/Users/lbaba/Crypto_pipeline/.venv/lib/python3.8/site-packages/sqlmesh/core/engine_adapter/base.py", line 446, in ctas
    return self._create_table_from_source_queries(
  File "/Users/lbaba/Crypto_pipeline/.venv/lib/python3.8/site-packages/sqlmesh/core/engine_adapter/base.py", line 635, in _create_table_from_source_queries
    self._create_table(
  File "/Users/lbaba/Crypto_pipeline/.venv/lib/python3.8/site-packages/sqlmesh/core/engine_adapter/base.py", line 671, in _create_table
    self.execute(
  File "/Users/lbaba/Crypto_pipeline/.venv/lib/python3.8/site-packages/sqlmesh/core/engine_adapter/base.py", line 1831, in execute
    self._execute(sql, **kwargs)
  File "/Users/lbaba/Crypto_pipeline/.venv/lib/python3.8/site-packages/sqlmesh/core/engine_adapter/base.py", line 1837, in _execute
    self.cursor.execute(sql, **kwargs)
psycopg2.errors.UndefinedColumn: column "price" does not exist
LINE 1: ...11142340__temp" AS SELECT "coin_id" AS "coin_id", "price" AS...
                                                             ^


The above exception was the direct cause of the following exception:

Traceback (most recent call last):
  File "/Users/lbaba/Crypto_pipeline/.venv/lib/python3.8/site-packages/sqlmesh/core/context.py", line 1172, in apply
    self._apply(plan, circuit_breaker)
  File "/Users/lbaba/Crypto_pipeline/.venv/lib/python3.8/site-packages/sqlmesh/core/context.py", line 1723, in _apply
    self._scheduler.create_plan_evaluator(self).evaluate(plan, circuit_breaker=circuit_breaker)
  File "/Users/lbaba/Crypto_pipeline/.venv/lib/python3.8/site-packages/sqlmesh/core/plan/evaluator.py", line 109, in evaluate
    self._push(plan, deployability_index_for_creation)
  File "/Users/lbaba/Crypto_pipeline/.venv/lib/python3.8/site-packages/sqlmesh/core/plan/evaluator.py", line 199, in _push
    self.snapshot_evaluator.create(
  File "/Users/lbaba/Crypto_pipeline/.venv/lib/python3.8/site-packages/sqlmesh/core/snapshot/evaluator.py", line 291, in create
    concurrent_apply_to_snapshots(
  File "/Users/lbaba/Crypto_pipeline/.venv/lib/python3.8/site-packages/sqlmesh/utils/concurrency.py", line 163, in concurrent_apply_to_snapshots
    return concurrent_apply_to_dag(
  File "/Users/lbaba/Crypto_pipeline/.venv/lib/python3.8/site-packages/sqlmesh/utils/concurrency.py", line 200, in concurrent_apply_to_dag
    return ConcurrentDAGExecutor(
  File "/Users/lbaba/Crypto_pipeline/.venv/lib/python3.8/site-packages/sqlmesh/utils/concurrency.py", line 64, in run
    self._finished_future.result()
  File "/opt/anaconda3/lib/python3.8/concurrent/futures/_base.py", line 439, in result
    return self.__get_result()
  File "/opt/anaconda3/lib/python3.8/concurrent/futures/_base.py", line 388, in __get_result
    raise self._exception
sqlmesh.utils.concurrency.NodeExecutionFailedError: Execution failed for node SnapshotId<"postgres"."marts"."fct_crypto_trends": 2146319365>
 (context.py:1180)
2026-05-20 12:26:16,510 - MainThread - root - INFO - Shutting down the event dispatcher (dispatcher.py:159)
