2026-05-20 12:48:22,653 - ThreadPoolExecutor-0_0 - sqlmesh.core.snapshot.evaluator - INFO - Listing data objects in schema crypto_pipeline.sqlmesh__staging (evaluator.py:266)
2026-05-20 12:48:22,654 - ThreadPoolExecutor-0_1 - sqlmesh.core.snapshot.evaluator - INFO - Listing data objects in schema crypto_pipeline.sqlmesh__marts (evaluator.py:266)
2026-05-20 12:48:22,669 - ThreadPoolExecutor-0_0 - sqlmesh.core.engine_adapter.base - INFO - Executing SQL: SELECT current_catalog (base.py:1834)
2026-05-20 12:48:22,685 - ThreadPoolExecutor-0_1 - sqlmesh.core.engine_adapter.base - INFO - Executing SQL: SELECT current_catalog (base.py:1834)
2026-05-20 12:48:22,798 - MainThread - sqlmesh.core.snapshot.evaluator - INFO - Creating schema 'crypto_pipeline.sqlmesh__staging' (evaluator.py:850)
2026-05-20 12:48:22,811 - MainThread - sqlmesh.core.engine_adapter.base - INFO - Executing SQL: CREATE SCHEMA IF NOT EXISTS "sqlmesh__staging" (base.py:1834)
2026-05-20 12:48:22,812 - MainThread - sqlmesh.core.snapshot.evaluator - INFO - Creating schema 'crypto_pipeline.sqlmesh__marts' (evaluator.py:850)
2026-05-20 12:48:22,812 - MainThread - sqlmesh.core.engine_adapter.base - INFO - Executing SQL: CREATE SCHEMA IF NOT EXISTS "sqlmesh__marts" (base.py:1834)
2026-05-20 12:48:22,826 - ThreadPoolExecutor-1_0 - sqlmesh.core.snapshot.evaluator - INFO - Creating view 'crypto_pipeline.sqlmesh__staging.staging__stg_crypto__975250961__temp' (evaluator.py:1592)
2026-05-20 12:48:22,828 - ThreadPoolExecutor-1_0 - sqlmesh.core.engine_adapter.base - INFO - Executing SQL: DROP VIEW IF EXISTS "sqlmesh__staging"."staging__stg_crypto__975250961__temp" CASCADE (base.py:1834)
2026-05-20 12:48:22,829 - ThreadPoolExecutor-1_0 - sqlmesh.core.engine_adapter.base - INFO - Executing SQL: CREATE VIEW "sqlmesh__staging"."staging__stg_crypto__975250961__temp" AS SELECT "coin_id" AS "coin_id", "price_usd" AS "price_usd", "volume_24h" AS "volume_24h", "created_at" AS "created_at" FROM "crypto_pipeline"."raw"."market_data" AS "market_data" (base.py:1834)
2026-05-20 12:48:22,836 - ThreadPoolExecutor-1_0 - sqlmesh.core.snapshot.evaluator - INFO - Creating view 'crypto_pipeline.sqlmesh__staging.staging__stg_crypto__975250961' (evaluator.py:1592)
2026-05-20 12:48:22,838 - ThreadPoolExecutor-1_0 - sqlmesh.core.engine_adapter.base - INFO - Executing SQL: DROP VIEW IF EXISTS "sqlmesh__staging"."staging__stg_crypto__975250961" CASCADE (base.py:1834)
2026-05-20 12:48:22,838 - ThreadPoolExecutor-1_0 - sqlmesh.core.engine_adapter.base - INFO - Executing SQL: CREATE VIEW "sqlmesh__staging"."staging__stg_crypto__975250961" AS SELECT "coin_id" AS "coin_id", "price_usd" AS "price_usd", "volume_24h" AS "volume_24h", "created_at" AS "created_at" FROM "crypto_pipeline"."raw"."market_data" AS "market_data" (base.py:1834)
2026-05-20 12:48:22,863 - ThreadPoolExecutor-1_1 - sqlmesh.core.snapshot.evaluator - INFO - Creating table 'crypto_pipeline.sqlmesh__marts.marts__fct_crypto_trends__4081791806__temp' (evaluator.py:1160)
2026-05-20 12:48:22,864 - ThreadPoolExecutor-1_1 - sqlmesh.core.engine_adapter.base - INFO - Executing SQL: CREATE TABLE IF NOT EXISTS "sqlmesh__marts"."marts__fct_crypto_trends__4081791806__temp" AS SELECT "stg_crypto"."coin_id" AS "coin_id", "stg_crypto"."price_usd" AS "price_usd", "stg_crypto"."volume_24h" AS "volume_24h", "stg_crypto"."created_at" AS "created_at", LAG("stg_crypto"."price_usd") OVER (PARTITION BY "stg_crypto"."coin_id" ORDER BY "stg_crypto"."created_at") AS "previous_price", "stg_crypto"."price_usd" - LAG("stg_crypto"."price_usd") OVER (PARTITION BY "stg_crypto"."coin_id" ORDER BY "stg_crypto"."created_at") AS "price_diff" FROM "crypto_pipeline"."sqlmesh__staging"."staging__stg_crypto__975250961" AS "stg_crypto" WHERE FALSE LIMIT 0 (base.py:1834)
2026-05-20 12:48:22,880 - ThreadPoolExecutor-1_1 - sqlmesh.core.snapshot.evaluator - INFO - Creating table 'crypto_pipeline.sqlmesh__marts.marts__fct_crypto_trends__4081791806' (evaluator.py:1160)
2026-05-20 12:48:22,881 - ThreadPoolExecutor-1_1 - sqlmesh.core.engine_adapter.base - INFO - Executing SQL: CREATE TABLE IF NOT EXISTS "sqlmesh__marts"."marts__fct_crypto_trends__4081791806" AS SELECT "stg_crypto"."coin_id" AS "coin_id", "stg_crypto"."price_usd" AS "price_usd", "stg_crypto"."volume_24h" AS "volume_24h", "stg_crypto"."created_at" AS "created_at", LAG("stg_crypto"."price_usd") OVER (PARTITION BY "stg_crypto"."coin_id" ORDER BY "stg_crypto"."created_at") AS "previous_price", "stg_crypto"."price_usd" - LAG("stg_crypto"."price_usd") OVER (PARTITION BY "stg_crypto"."coin_id" ORDER BY "stg_crypto"."created_at") AS "price_diff" FROM "crypto_pipeline"."sqlmesh__staging"."staging__stg_crypto__975250961" AS "stg_crypto" WHERE FALSE LIMIT 0 (base.py:1834)
2026-05-20 12:48:22,917 - ThreadPoolExecutor-2_0 - sqlmesh.core.snapshot.evaluator - INFO - Evaluating snapshot SnapshotId<"crypto_pipeline"."staging"."stg_crypto": 648709931> (evaluator.py:480)
2026-05-20 12:48:22,933 - ThreadPoolExecutor-2_0 - sqlmesh.core.snapshot.evaluator - INFO - Inserting batch (2026-05-19 00:00:00+00:00, 2026-05-20 00:00:00+00:00) into crypto_pipeline.sqlmesh__staging.staging__stg_crypto__975250961' (evaluator.py:505)
2026-05-20 12:48:22,934 - ThreadPoolExecutor-2_0 - sqlmesh.core.snapshot.evaluator - INFO - Replacing view 'crypto_pipeline.sqlmesh__staging.staging__stg_crypto__975250961' (evaluator.py:1559)
2026-05-20 12:48:22,934 - ThreadPoolExecutor-2_0 - sqlmesh.core.engine_adapter.base - INFO - Executing SQL: DROP VIEW IF EXISTS "sqlmesh__staging"."staging__stg_crypto__975250961" CASCADE (base.py:1834)
2026-05-20 12:48:22,938 - ThreadPoolExecutor-2_0 - sqlmesh.core.engine_adapter.base - INFO - Executing SQL: CREATE VIEW "sqlmesh__staging"."staging__stg_crypto__975250961" ("coin_id", "price_usd", "volume_24h", "created_at") AS SELECT "coin_id" AS "coin_id", "price_usd" AS "price_usd", "volume_24h" AS "volume_24h", "created_at" AS "created_at" FROM "crypto_pipeline"."raw"."market_data" AS "market_data" (base.py:1834)
2026-05-20 12:48:22,956 - ThreadPoolExecutor-2_0 - sqlmesh.core.state_sync.engine_adapter - INFO - Adding interval (1779148800000, 1779235200000) for snapshot SnapshotId<"crypto_pipeline"."staging"."stg_crypto": 648709931> (engine_adapter.py:600)
2026-05-20 12:48:22,966 - ThreadPoolExecutor-2_1 - sqlmesh.core.snapshot.evaluator - INFO - Evaluating snapshot SnapshotId<"crypto_pipeline"."marts"."fct_crypto_trends": 1406439903> (evaluator.py:480)
2026-05-20 12:48:22,988 - ThreadPoolExecutor-2_1 - sqlmesh.core.snapshot.evaluator - INFO - Inserting batch (2026-05-19 00:00:00+00:00, 2026-05-20 16:00:00+00:00) into crypto_pipeline.sqlmesh__marts.marts__fct_crypto_trends__4081791806' (evaluator.py:505)
2026-05-20 12:48:22,990 - ThreadPoolExecutor-2_1 - sqlmesh.core.engine_adapter.base - INFO - Executing SQL: SELECT "attname" AS "column_name", "pg_catalog".FORMAT_TYPE("atttypid", "atttypmod") AS "data_type" FROM "pg_catalog"."pg_attribute" JOIN "pg_catalog"."pg_class" ON "pg_class"."oid" = "attrelid" JOIN "pg_catalog"."pg_namespace" ON "pg_namespace"."oid" = "relnamespace" WHERE ("attnum" > 0 AND NOT "attisdropped" AND "relname" = 'marts__fct_crypto_trends__4081791806') AND "nspname" = 'sqlmesh__marts' (base.py:1834)
2026-05-20 12:48:22,995 - ThreadPoolExecutor-2_1 - sqlmesh.core.engine_adapter.base - INFO - Executing SQL: SELECT 1 FROM "information_schema"."tables" WHERE "table_name" = 'marts__fct_crypto_trends__4081791806' AND "table_schema" = 'sqlmesh__marts' (base.py:1834)
2026-05-20 12:48:22,999 - ThreadPoolExecutor-2_1 - sqlmesh.core.engine_adapter.base - INFO - Executing SQL: DELETE FROM "sqlmesh__marts"."marts__fct_crypto_trends__4081791806" WHERE TRUE (base.py:1834)
2026-05-20 12:48:23,001 - ThreadPoolExecutor-2_1 - sqlmesh.core.engine_adapter.base - INFO - Executing SQL: INSERT INTO "sqlmesh__marts"."marts__fct_crypto_trends__4081791806" ("coin_id", "price_usd", "volume_24h", "created_at", "previous_price", "price_diff") SELECT "stg_crypto"."coin_id" AS "coin_id", "stg_crypto"."price_usd" AS "price_usd", "stg_crypto"."volume_24h" AS "volume_24h", "stg_crypto"."created_at" AS "created_at", LAG("stg_crypto"."price_usd") OVER (PARTITION BY "stg_crypto"."coin_id" ORDER BY "stg_crypto"."created_at") AS "previous_price", "stg_crypto"."price_usd" - LAG("stg_crypto"."price_usd") OVER (PARTITION BY "stg_crypto"."coin_id" ORDER BY "stg_crypto"."created_at") AS "price_diff" FROM "crypto_pipeline"."sqlmesh__staging"."staging__stg_crypto__975250961" AS "stg_crypto" (base.py:1834)
2026-05-20 12:48:23,020 - ThreadPoolExecutor-2_1 - sqlmesh.core.state_sync.engine_adapter - INFO - Adding interval (1779148800000, 1779292800000) for snapshot SnapshotId<"crypto_pipeline"."marts"."fct_crypto_trends": 1406439903> (engine_adapter.py:600)
2026-05-20 12:48:23,056 - MainThread - sqlmesh.core.state_sync.common - INFO - Promoting environment 'prod' (common.py:119)
2026-05-20 12:48:23,099 - MainThread - sqlmesh.core.state_sync.common - INFO - Unpausing snapshot SnapshotId<"crypto_pipeline"."staging"."stg_crypto": 648709931> (common.py:224)
2026-05-20 12:48:23,101 - MainThread - sqlmesh.core.state_sync.common - INFO - Unpausing snapshot SnapshotId<"crypto_pipeline"."marts"."fct_crypto_trends": 1406439903> (common.py:224)
2026-05-20 12:48:23,107 - MainThread - sqlmesh.core.snapshot.evaluator - INFO - Creating schema 'crypto_pipeline.marts' (evaluator.py:850)
2026-05-20 12:48:23,108 - MainThread - sqlmesh.core.engine_adapter.base - INFO - Executing SQL: CREATE SCHEMA IF NOT EXISTS "marts" (base.py:1834)
2026-05-20 12:48:23,109 - MainThread - sqlmesh.core.snapshot.evaluator - INFO - Creating schema 'crypto_pipeline.staging' (evaluator.py:850)
2026-05-20 12:48:23,109 - MainThread - sqlmesh.core.engine_adapter.base - INFO - Executing SQL: CREATE SCHEMA IF NOT EXISTS "staging" (base.py:1834)
2026-05-20 12:48:23,110 - ThreadPoolExecutor-4_0 - sqlmesh.core.snapshot.evaluator - INFO - Updating view 'crypto_pipeline.staging.stg_crypto' to point at table 'crypto_pipeline.sqlmesh__staging.staging__stg_crypto__975250961' (evaluator.py:1116)
2026-05-20 12:48:23,124 - ThreadPoolExecutor-4_0 - sqlmesh.core.engine_adapter.base - INFO - Executing SQL: DROP VIEW IF EXISTS "staging"."stg_crypto" CASCADE (base.py:1834)
2026-05-20 12:48:23,125 - ThreadPoolExecutor-4_0 - sqlmesh.core.engine_adapter.base - INFO - Executing SQL: CREATE VIEW "staging"."stg_crypto" AS SELECT * FROM "crypto_pipeline"."sqlmesh__staging"."staging__stg_crypto__975250961" (base.py:1834)
2026-05-20 12:48:23,128 - ThreadPoolExecutor-4_1 - sqlmesh.core.snapshot.evaluator - INFO - Updating view 'crypto_pipeline.marts.fct_crypto_trends' to point at table 'crypto_pipeline.sqlmesh__marts.marts__fct_crypto_trends__4081791806' (evaluator.py:1116)
2026-05-20 12:48:23,143 - ThreadPoolExecutor-4_1 - sqlmesh.core.engine_adapter.base - INFO - Executing SQL: DROP VIEW IF EXISTS "marts"."fct_crypto_trends" CASCADE (base.py:1834)
2026-05-20 12:48:23,143 - ThreadPoolExecutor-4_1 - sqlmesh.core.engine_adapter.base - INFO - Executing SQL: CREATE VIEW "marts"."fct_crypto_trends" AS SELECT * FROM "crypto_pipeline"."sqlmesh__marts"."marts__fct_crypto_trends__4081791806" (base.py:1834)
2026-05-20 12:48:23,148 - MainThread - sqlmesh.core.state_sync.common - INFO - Finalizing environment 'prod' (common.py:197)
2026-05-20 12:48:23,158 - MainThread - root - INFO - Shutting down the event dispatcher (dispatcher.py:159)
