2026-05-20 12:30:55,466 - ThreadPoolExecutor-0_0 - sqlmesh.core.snapshot.evaluator - INFO - Listing data objects in schema postgres.sqlmesh__staging (evaluator.py:266)
2026-05-20 12:30:55,467 - ThreadPoolExecutor-0_1 - sqlmesh.core.snapshot.evaluator - INFO - Listing data objects in schema postgres.sqlmesh__marts (evaluator.py:266)
2026-05-20 12:30:55,486 - ThreadPoolExecutor-0_0 - sqlmesh.core.engine_adapter.base - INFO - Executing SQL: SELECT current_catalog (base.py:1834)
2026-05-20 12:30:55,500 - ThreadPoolExecutor-0_1 - sqlmesh.core.engine_adapter.base - INFO - Executing SQL: SELECT current_catalog (base.py:1834)
2026-05-20 12:30:55,650 - MainThread - sqlmesh.core.snapshot.evaluator - INFO - Creating schema 'postgres.sqlmesh__marts' (evaluator.py:850)
2026-05-20 12:30:55,665 - MainThread - sqlmesh.core.engine_adapter.base - INFO - Executing SQL: CREATE SCHEMA IF NOT EXISTS "sqlmesh__marts" (base.py:1834)
2026-05-20 12:30:55,666 - MainThread - sqlmesh.core.snapshot.evaluator - INFO - Creating schema 'postgres.sqlmesh__staging' (evaluator.py:850)
2026-05-20 12:30:55,666 - MainThread - sqlmesh.core.engine_adapter.base - INFO - Executing SQL: CREATE SCHEMA IF NOT EXISTS "sqlmesh__staging" (base.py:1834)
2026-05-20 12:30:55,689 - ThreadPoolExecutor-1_0 - sqlmesh.core.snapshot.evaluator - INFO - Creating table 'postgres.sqlmesh__marts.marts__fct_crypto_trends__4005341408__temp' (evaluator.py:1160)
2026-05-20 12:30:55,690 - ThreadPoolExecutor-1_0 - sqlmesh.core.engine_adapter.base - INFO - Executing SQL: CREATE TABLE IF NOT EXISTS "sqlmesh__marts"."marts__fct_crypto_trends__4005341408__temp" AS SELECT "stg_crypto"."coin_id" AS "coin_id", "stg_crypto"."price_usd" AS "price_usd", "stg_crypto"."volume_24h" AS "volume_24h", "stg_crypto"."created_at" AS "created_at", LAG("stg_crypto"."price_usd") OVER (PARTITION BY "stg_crypto"."coin_id" ORDER BY "stg_crypto"."created_at") AS "previous_price", "stg_crypto"."price_usd" - LAG("stg_crypto"."price_usd") OVER (PARTITION BY "stg_crypto"."coin_id" ORDER BY "stg_crypto"."created_at") AS "price_diff" FROM "postgres"."sqlmesh__staging"."staging__stg_crypto__3902575946" AS "stg_crypto" WHERE FALSE LIMIT 0 (base.py:1834)
2026-05-20 12:30:55,714 - ThreadPoolExecutor-1_0 - sqlmesh.core.snapshot.evaluator - INFO - Creating table 'postgres.sqlmesh__marts.marts__fct_crypto_trends__4005341408' (evaluator.py:1160)
2026-05-20 12:30:55,715 - ThreadPoolExecutor-1_0 - sqlmesh.core.engine_adapter.base - INFO - Executing SQL: CREATE TABLE IF NOT EXISTS "sqlmesh__marts"."marts__fct_crypto_trends__4005341408" AS SELECT "stg_crypto"."coin_id" AS "coin_id", "stg_crypto"."price_usd" AS "price_usd", "stg_crypto"."volume_24h" AS "volume_24h", "stg_crypto"."created_at" AS "created_at", LAG("stg_crypto"."price_usd") OVER (PARTITION BY "stg_crypto"."coin_id" ORDER BY "stg_crypto"."created_at") AS "previous_price", "stg_crypto"."price_usd" - LAG("stg_crypto"."price_usd") OVER (PARTITION BY "stg_crypto"."coin_id" ORDER BY "stg_crypto"."created_at") AS "price_diff" FROM "postgres"."sqlmesh__staging"."staging__stg_crypto__3902575946" AS "stg_crypto" WHERE FALSE LIMIT 0 (base.py:1834)
2026-05-20 12:30:55,748 - ThreadPoolExecutor-2_0 - sqlmesh.core.snapshot.evaluator - INFO - Evaluating snapshot SnapshotId<"postgres"."staging"."stg_crypto": 73590813> (evaluator.py:480)
2026-05-20 12:30:55,766 - ThreadPoolExecutor-2_0 - sqlmesh.core.snapshot.evaluator - INFO - Inserting batch (2026-05-19 00:00:00+00:00, 2026-05-20 00:00:00+00:00) into postgres.sqlmesh__staging.staging__stg_crypto__3902575946' (evaluator.py:505)
2026-05-20 12:30:55,766 - ThreadPoolExecutor-2_0 - sqlmesh.core.snapshot.evaluator - INFO - Replacing view 'postgres.sqlmesh__staging.staging__stg_crypto__3902575946' (evaluator.py:1559)
2026-05-20 12:30:55,766 - ThreadPoolExecutor-2_0 - sqlmesh.core.engine_adapter.base - INFO - Executing SQL: DROP VIEW IF EXISTS "sqlmesh__staging"."staging__stg_crypto__3902575946" CASCADE (base.py:1834)
2026-05-20 12:30:55,770 - ThreadPoolExecutor-2_0 - sqlmesh.core.engine_adapter.base - INFO - Executing SQL: CREATE VIEW "sqlmesh__staging"."staging__stg_crypto__3902575946" ("coin_id", "price_usd", "volume_24h", "created_at") AS SELECT "coin_id" AS "coin_id", "price_usd" AS "price_usd", "volume_24h" AS "volume_24h", "created_at" AS "created_at" FROM "postgres"."raw"."market_data" AS "market_data" (base.py:1834)
2026-05-20 12:30:55,792 - ThreadPoolExecutor-2_0 - sqlmesh.core.state_sync.engine_adapter - INFO - Adding interval (1779148800000, 1779235200000) for snapshot SnapshotId<"postgres"."staging"."stg_crypto": 73590813> (engine_adapter.py:600)
2026-05-20 12:30:55,800 - ThreadPoolExecutor-2_1 - sqlmesh.core.snapshot.evaluator - INFO - Evaluating snapshot SnapshotId<"postgres"."marts"."fct_crypto_trends": 1894875659> (evaluator.py:480)
2026-05-20 12:30:55,821 - ThreadPoolExecutor-2_1 - sqlmesh.core.snapshot.evaluator - INFO - Inserting batch (2026-05-19 00:00:00+00:00, 2026-05-20 15:00:00+00:00) into postgres.sqlmesh__marts.marts__fct_crypto_trends__4005341408' (evaluator.py:505)
2026-05-20 12:30:55,823 - ThreadPoolExecutor-2_1 - sqlmesh.core.engine_adapter.base - INFO - Executing SQL: SELECT "attname" AS "column_name", "pg_catalog".FORMAT_TYPE("atttypid", "atttypmod") AS "data_type" FROM "pg_catalog"."pg_attribute" JOIN "pg_catalog"."pg_class" ON "pg_class"."oid" = "attrelid" JOIN "pg_catalog"."pg_namespace" ON "pg_namespace"."oid" = "relnamespace" WHERE ("attnum" > 0 AND NOT "attisdropped" AND "relname" = 'marts__fct_crypto_trends__4005341408') AND "nspname" = 'sqlmesh__marts' (base.py:1834)
2026-05-20 12:30:55,830 - ThreadPoolExecutor-2_1 - sqlmesh.core.engine_adapter.base - INFO - Executing SQL: SELECT 1 FROM "information_schema"."tables" WHERE "table_name" = 'marts__fct_crypto_trends__4005341408' AND "table_schema" = 'sqlmesh__marts' (base.py:1834)
2026-05-20 12:30:55,834 - ThreadPoolExecutor-2_1 - sqlmesh.core.engine_adapter.base - INFO - Executing SQL: DELETE FROM "sqlmesh__marts"."marts__fct_crypto_trends__4005341408" WHERE TRUE (base.py:1834)
2026-05-20 12:30:55,836 - ThreadPoolExecutor-2_1 - sqlmesh.core.engine_adapter.base - INFO - Executing SQL: INSERT INTO "sqlmesh__marts"."marts__fct_crypto_trends__4005341408" ("coin_id", "price_usd", "volume_24h", "created_at", "previous_price", "price_diff") SELECT "stg_crypto"."coin_id" AS "coin_id", "stg_crypto"."price_usd" AS "price_usd", "stg_crypto"."volume_24h" AS "volume_24h", "stg_crypto"."created_at" AS "created_at", LAG("stg_crypto"."price_usd") OVER (PARTITION BY "stg_crypto"."coin_id" ORDER BY "stg_crypto"."created_at") AS "previous_price", "stg_crypto"."price_usd" - LAG("stg_crypto"."price_usd") OVER (PARTITION BY "stg_crypto"."coin_id" ORDER BY "stg_crypto"."created_at") AS "price_diff" FROM "postgres"."sqlmesh__staging"."staging__stg_crypto__3902575946" AS "stg_crypto" (base.py:1834)
2026-05-20 12:30:55,856 - ThreadPoolExecutor-2_1 - sqlmesh.core.state_sync.engine_adapter - INFO - Adding interval (1779148800000, 1779289200000) for snapshot SnapshotId<"postgres"."marts"."fct_crypto_trends": 1894875659> (engine_adapter.py:600)
2026-05-20 12:30:55,867 - MainThread - sqlmesh.core.state_sync.common - INFO - Promoting environment 'prod' (common.py:119)
2026-05-20 12:30:55,912 - MainThread - sqlmesh.core.state_sync.common - INFO - Unpausing snapshot SnapshotId<"postgres"."staging"."stg_crypto": 73590813> (common.py:224)
2026-05-20 12:30:55,916 - MainThread - sqlmesh.core.state_sync.common - INFO - Unpausing snapshot SnapshotId<"postgres"."marts"."fct_crypto_trends": 1894875659> (common.py:224)
2026-05-20 12:30:55,925 - MainThread - sqlmesh.core.snapshot.evaluator - INFO - Creating schema 'postgres.marts' (evaluator.py:850)
2026-05-20 12:30:55,925 - MainThread - sqlmesh.core.engine_adapter.base - INFO - Executing SQL: CREATE SCHEMA IF NOT EXISTS "marts" (base.py:1834)
2026-05-20 12:30:55,928 - MainThread - sqlmesh.core.snapshot.evaluator - INFO - Creating schema 'postgres.staging' (evaluator.py:850)
2026-05-20 12:30:55,929 - MainThread - sqlmesh.core.engine_adapter.base - INFO - Executing SQL: CREATE SCHEMA IF NOT EXISTS "staging" (base.py:1834)
2026-05-20 12:30:55,932 - ThreadPoolExecutor-4_0 - sqlmesh.core.snapshot.evaluator - INFO - Updating view 'postgres.staging.stg_crypto' to point at table 'postgres.sqlmesh__staging.staging__stg_crypto__3902575946' (evaluator.py:1116)
2026-05-20 12:30:55,951 - ThreadPoolExecutor-4_0 - sqlmesh.core.engine_adapter.base - INFO - Executing SQL: DROP VIEW IF EXISTS "staging"."stg_crypto" CASCADE (base.py:1834)
2026-05-20 12:30:55,953 - ThreadPoolExecutor-4_0 - sqlmesh.core.engine_adapter.base - INFO - Executing SQL: CREATE VIEW "staging"."stg_crypto" AS SELECT * FROM "postgres"."sqlmesh__staging"."staging__stg_crypto__3902575946" (base.py:1834)
2026-05-20 12:30:55,997 - ThreadPoolExecutor-4_1 - sqlmesh.core.snapshot.evaluator - INFO - Updating view 'postgres.marts.fct_crypto_trends' to point at table 'postgres.sqlmesh__marts.marts__fct_crypto_trends__4005341408' (evaluator.py:1116)
2026-05-20 12:30:56,013 - ThreadPoolExecutor-4_1 - sqlmesh.core.engine_adapter.base - INFO - Executing SQL: DROP VIEW IF EXISTS "marts"."fct_crypto_trends" CASCADE (base.py:1834)
2026-05-20 12:30:56,016 - ThreadPoolExecutor-4_1 - sqlmesh.core.engine_adapter.base - INFO - Executing SQL: CREATE VIEW "marts"."fct_crypto_trends" AS SELECT * FROM "postgres"."sqlmesh__marts"."marts__fct_crypto_trends__4005341408" (base.py:1834)
2026-05-20 12:30:56,079 - MainThread - sqlmesh.core.state_sync.common - INFO - Finalizing environment 'prod' (common.py:197)
2026-05-20 12:30:56,116 - MainThread - root - INFO - Shutting down the event dispatcher (dispatcher.py:159)
